<?xml version="1.0" encoding="UTF-8" ?>
<testsuite tests="3" failures="1" name="com.niit.shopping.Test.ProductTest" time="10.888" errors="0" skipped="2">
  <properties>
[...]
</properties>
  <testcase classname="com.niit.shopping.Test.ProductTest" name="getproductby_id" time="5.169">
    <skipped/>
    <system-out>Session Factory Object created
</system-out>
    <system-err>Nov 13, 2017 11:29:22 AM org.springframework.context.annotation.AnnotationConfigApplicationContext prepareRefresh
INFO: Refreshing org.springframework.context.annotation.AnnotationConfigApplicationContext@483bf400: startup date [Mon Nov 13 11:29:22 IST 2017]; root of context hierarchy
Nov 13, 2017 11:29:23 AM org.springframework.jdbc.datasource.DriverManagerDataSource setDriverClassName
INFO: Loaded JDBC driver: org.h2.Driver
Nov 13, 2017 11:29:23 AM org.hibernate.annotations.common.reflection.java.JavaReflectionManager &lt;clinit&gt;
INFO: HCANN000001: Hibernate Commons Annotations {4.0.4.Final}
Nov 13, 2017 11:29:23 AM org.hibernate.Version logVersion
INFO: HHH000412: Hibernate Core {4.3.5.Final}
Nov 13, 2017 11:29:23 AM org.hibernate.cfg.Environment &lt;clinit&gt;
INFO: HHH000206: hibernate.properties not found
Nov 13, 2017 11:29:23 AM org.hibernate.cfg.Environment buildBytecodeProvider
INFO: HHH000021: Bytecode provider name : javassist
Nov 13, 2017 11:29:24 AM org.hibernate.dialect.Dialect &lt;init&gt;
INFO: HHH000400: Using dialect: org.hibernate.dialect.H2Dialect
Nov 13, 2017 11:29:24 AM org.hibernate.engine.transaction.internal.TransactionFactoryInitiator initiateService
INFO: HHH000399: Using default transaction strategy (direct JDBC transactions)
Nov 13, 2017 11:29:24 AM org.hibernate.hql.internal.ast.ASTQueryTranslatorFactory &lt;init&gt;
INFO: HHH000397: Using ASTQueryTranslatorFactory
Nov 13, 2017 11:29:25 AM org.hibernate.tool.hbm2ddl.SchemaUpdate execute
INFO: HHH000228: Running hbm2ddl schema update
Nov 13, 2017 11:29:25 AM org.hibernate.tool.hbm2ddl.SchemaUpdate execute
INFO: HHH000102: Fetching database metadata
Nov 13, 2017 11:29:25 AM org.hibernate.tool.hbm2ddl.SchemaUpdate execute
INFO: HHH000396: Updating schema
Nov 13, 2017 11:29:25 AM org.hibernate.tool.hbm2ddl.TableMetadata &lt;init&gt;
INFO: HHH000261: Table found: MIDAS.PUBLIC.CATEGORY
Nov 13, 2017 11:29:25 AM org.hibernate.tool.hbm2ddl.TableMetadata &lt;init&gt;
INFO: HHH000037: Columns: [catid, catname, catdescp]
Nov 13, 2017 11:29:25 AM org.hibernate.tool.hbm2ddl.TableMetadata &lt;init&gt;
INFO: HHH000108: Foreign keys: []
Nov 13, 2017 11:29:25 AM org.hibernate.tool.hbm2ddl.TableMetadata &lt;init&gt;
INFO: HHH000126: Indexes: [primary_key_3]
Nov 13, 2017 11:29:25 AM org.hibernate.tool.hbm2ddl.TableMetadata &lt;init&gt;
INFO: HHH000261: Table found: MIDAS.PUBLIC.PRODUCT
Nov 13, 2017 11:29:25 AM org.hibernate.tool.hbm2ddl.TableMetadata &lt;init&gt;
INFO: HHH000037: Columns: [prodcategory, proddescp, prodname, prodid, prodprice]
Nov 13, 2017 11:29:25 AM org.hibernate.tool.hbm2ddl.TableMetadata &lt;init&gt;
INFO: HHH000108: Foreign keys: [fk_1rjp4u8bceoilfg0luiqub3j6]
Nov 13, 2017 11:29:25 AM org.hibernate.tool.hbm2ddl.TableMetadata &lt;init&gt;
INFO: HHH000126: Indexes: [primary_key_18]
Nov 13, 2017 11:29:25 AM org.hibernate.tool.hbm2ddl.TableMetadata &lt;init&gt;
INFO: HHH000261: Table found: MIDAS.PUBLIC.SUPPLIER
Nov 13, 2017 11:29:25 AM org.hibernate.tool.hbm2ddl.TableMetadata &lt;init&gt;
INFO: HHH000037: Columns: [supid, supname, supquantity, supcontact, supitem]
Nov 13, 2017 11:29:25 AM org.hibernate.tool.hbm2ddl.TableMetadata &lt;init&gt;
INFO: HHH000108: Foreign keys: []
Nov 13, 2017 11:29:25 AM org.hibernate.tool.hbm2ddl.TableMetadata &lt;init&gt;
INFO: HHH000126: Indexes: [primary_key_c]
Nov 13, 2017 11:29:25 AM org.hibernate.tool.hbm2ddl.TableMetadata &lt;init&gt;
INFO: HHH000261: Table found: MIDAS.PUBLIC.USER
Nov 13, 2017 11:29:25 AM org.hibernate.tool.hbm2ddl.TableMetadata &lt;init&gt;
INFO: HHH000037: Columns: [uid, uname, isactive, ucontact, uaddress, uemail]
Nov 13, 2017 11:29:25 AM org.hibernate.tool.hbm2ddl.TableMetadata &lt;init&gt;
INFO: HHH000108: Foreign keys: []
Nov 13, 2017 11:29:25 AM org.hibernate.tool.hbm2ddl.TableMetadata &lt;init&gt;
INFO: HHH000126: Indexes: [primary_key_2]
Nov 13, 2017 11:29:25 AM org.hibernate.tool.hbm2ddl.SchemaUpdate execute
INFO: HHH000232: Schema update complete
Nov 13, 2017 11:29:26 AM org.springframework.orm.hibernate4.HibernateTransactionManager afterPropertiesSet
INFO: Using DataSource [org.springframework.jdbc.datasource.DriverManagerDataSource@6743e411] of Hibernate SessionFactory for HibernateTransactionManager
</system-err>
  </testcase>
  <testcase classname="com.niit.shopping.Test.ProductTest" name="getAllproduct" time="5.17">
    <skipped/>
  </testcase>
  <testcase classname="com.niit.shopping.Test.ProductTest" name="add_product" time="0.549">
    <failure message="expected:&lt;true&gt; but was:&lt;false&gt;" type="java.lang.AssertionError">java.lang.AssertionError: expected:&lt;true&gt; but was:&lt;false&gt;
	at org.junit.Assert.fail(Assert.java:88)
	at org.junit.Assert.failNotEquals(Assert.java:834)
	at org.junit.Assert.assertEquals(Assert.java:118)
	at org.junit.Assert.assertEquals(Assert.java:144)
	at com.niit.shopping.Test.ProductTest.add_product(ProductTest.java:46)
	at sun.reflect.NativeMethodAccessorImpl.invoke0(Native Method)
	at sun.reflect.NativeMethodAccessorImpl.invoke(NativeMethodAccessorImpl.java:62)
	at sun.reflect.DelegatingMethodAccessorImpl.invoke(DelegatingMethodAccessorImpl.java:43)
	at java.lang.reflect.Method.invoke(Method.java:498)
	at org.junit.runners.model.FrameworkMethod$1.runReflectiveCall(FrameworkMethod.java:50)
	at org.junit.internal.runners.model.ReflectiveCallable.run(ReflectiveCallable.java:12)
	at org.junit.runners.model.FrameworkMethod.invokeExplosively(FrameworkMethod.java:47)
	at org.junit.internal.runners.statements.InvokeMethod.evaluate(InvokeMethod.java:17)
	at org.junit.runners.ParentRunner.runLeaf(ParentRunner.java:325)
	at org.junit.runners.BlockJUnit4ClassRunner.runChild(BlockJUnit4ClassRunner.java:78)
	at org.junit.runners.BlockJUnit4ClassRunner.runChild(BlockJUnit4ClassRunner.java:57)
	at org.junit.runners.ParentRunner$3.run(ParentRunner.java:290)
	at org.junit.runners.ParentRunner$1.schedule(ParentRunner.java:71)
	at org.junit.runners.ParentRunner.runChildren(ParentRunner.java:288)
	at org.junit.runners.ParentRunner.access$000(ParentRunner.java:58)
	at org.junit.runners.ParentRunner$2.evaluate(ParentRunner.java:268)
	at org.junit.internal.runners.statements.RunBefores.evaluate(RunBefores.java:26)
	at org.junit.runners.ParentRunner.run(ParentRunner.java:363)
	at org.apache.maven.surefire.junit4.JUnit4Provider.execute(JUnit4Provider.java:252)
	at org.apache.maven.surefire.junit4.JUnit4Provider.executeTestSet(JUnit4Provider.java:141)
	at org.apache.maven.surefire.junit4.JUnit4Provider.invoke(JUnit4Provider.java:112)
	at sun.reflect.NativeMethodAccessorImpl.invoke0(Native Method)
	at sun.reflect.NativeMethodAccessorImpl.invoke(NativeMethodAccessorImpl.java:62)
	at sun.reflect.DelegatingMethodAccessorImpl.invoke(DelegatingMethodAccessorImpl.java:43)
	at java.lang.reflect.Method.invoke(Method.java:498)
	at org.apache.maven.surefire.util.ReflectionUtils.invokeMethodWithArray(ReflectionUtils.java:189)
	at org.apache.maven.surefire.booter.ProviderFactory$ProviderProxy.invoke(ProviderFactory.java:165)
	at org.apache.maven.surefire.booter.ProviderFactory.invokeProvider(ProviderFactory.java:85)
	at org.apache.maven.surefire.booter.ForkedBooter.runSuitesInProcess(ForkedBooter.java:115)
	at org.apache.maven.surefire.booter.ForkedBooter.main(ForkedBooter.java:75)
</failure>
    <system-out>Hibernate: insert into Product (prodId, prodCategory, prodDescp, prodName, prodPrice) values (null, ?, ?, ?, ?)
</system-out>
    <system-err>Nov 13, 2017 11:29:26 AM org.hibernate.engine.jdbc.spi.SqlExceptionHelper logExceptions
WARN: SQL Error: 23506, SQLState: 23506
Nov 13, 2017 11:29:26 AM org.hibernate.engine.jdbc.spi.SqlExceptionHelper logExceptions
ERROR: Referential integrity constraint violation: &quot;FK_1RJP4U8BCEOILFG0LUIQUB3J6: PUBLIC.PRODUCT FOREIGN KEY(PRODID) REFERENCES PUBLIC.CATEGORY(CATID) (104)&quot;; SQL statement:
insert into Product (prodId, prodCategory, prodDescp, prodName, prodPrice) values (null, ?, ?, ?, ?) [23506-196]
org.hibernate.exception.ConstraintViolationException: could not execute statement
	at org.hibernate.exception.internal.SQLStateConversionDelegate.convert(SQLStateConversionDelegate.java:129)
	at org.hibernate.exception.internal.StandardSQLExceptionConverter.convert(StandardSQLExceptionConverter.java:49)
	at org.hibernate.engine.jdbc.spi.SqlExceptionHelper.convert(SqlExceptionHelper.java:126)
	at org.hibernate.engine.jdbc.spi.SqlExceptionHelper.convert(SqlExceptionHelper.java:112)
	at org.hibernate.engine.jdbc.internal.ResultSetReturnImpl.executeUpdate(ResultSetReturnImpl.java:190)
	at org.hibernate.id.IdentityGenerator$GetGeneratedKeysDelegate.executeAndExtract(IdentityGenerator.java:96)
	at org.hibernate.id.insert.AbstractReturningDelegate.performInsert(AbstractReturningDelegate.java:58)
	at org.hibernate.persister.entity.AbstractEntityPersister.insert(AbstractEntityPersister.java:3032)
	at org.hibernate.persister.entity.AbstractEntityPersister.insert(AbstractEntityPersister.java:3558)
	at org.hibernate.action.internal.EntityIdentityInsertAction.execute(EntityIdentityInsertAction.java:98)
	at org.hibernate.engine.spi.ActionQueue.execute(ActionQueue.java:490)
	at org.hibernate.engine.spi.ActionQueue.addResolvedEntityInsertAction(ActionQueue.java:195)
	at org.hibernate.engine.spi.ActionQueue.addInsertAction(ActionQueue.java:179)
	at org.hibernate.engine.spi.ActionQueue.addAction(ActionQueue.java:214)
	at org.hibernate.event.internal.AbstractSaveEventListener.addInsertAction(AbstractSaveEventListener.java:324)
	at org.hibernate.event.internal.AbstractSaveEventListener.performSaveOrReplicate(AbstractSaveEventListener.java:288)
	at org.hibernate.event.internal.AbstractSaveEventListener.performSave(AbstractSaveEventListener.java:194)
	at org.hibernate.event.internal.AbstractSaveEventListener.saveWithGeneratedId(AbstractSaveEventListener.java:125)
	at org.hibernate.event.internal.DefaultSaveOrUpdateEventListener.saveWithGeneratedOrRequestedId(DefaultSaveOrUpdateEventListener.java:209)
	at org.hibernate.event.internal.DefaultSaveEventListener.saveWithGeneratedOrRequestedId(DefaultSaveEventListener.java:55)
	at org.hibernate.event.internal.DefaultSaveOrUpdateEventListener.entityIsTransient(DefaultSaveOrUpdateEventListener.java:194)
	at org.hibernate.event.internal.DefaultSaveEventListener.performSaveOrUpdate(DefaultSaveEventListener.java:49)
	at org.hibernate.event.internal.DefaultSaveOrUpdateEventListener.onSaveOrUpdate(DefaultSaveOrUpdateEventListener.java:90)
	at org.hibernate.internal.SessionImpl.fireSave(SessionImpl.java:715)
	at org.hibernate.internal.SessionImpl.save(SessionImpl.java:707)
	at org.hibernate.internal.SessionImpl.save(SessionImpl.java:702)
	at com.niit.shopping.Dao.ProductImpl.add_product(ProductImpl.java:24)
	at sun.reflect.NativeMethodAccessorImpl.invoke0(Native Method)
	at sun.reflect.NativeMethodAccessorImpl.invoke(NativeMethodAccessorImpl.java:62)
	at sun.reflect.DelegatingMethodAccessorImpl.invoke(DelegatingMethodAccessorImpl.java:43)
	at java.lang.reflect.Method.invoke(Method.java:498)
	at org.springframework.aop.support.AopUtils.invokeJoinpointUsingReflection(AopUtils.java:333)
	at org.springframework.aop.framework.ReflectiveMethodInvocation.invokeJoinpoint(ReflectiveMethodInvocation.java:190)
	at org.springframework.aop.framework.ReflectiveMethodInvocation.proceed(ReflectiveMethodInvocation.java:157)
	at org.springframework.transaction.interceptor.TransactionInterceptor$1.proceedWithInvocation(TransactionInterceptor.java:99)
	at org.springframework.transaction.interceptor.TransactionAspectSupport.invokeWithinTransaction(TransactionAspectSupport.java:282)
	at org.springframework.transaction.interceptor.TransactionInterceptor.invoke(TransactionInterceptor.java:96)
	at org.springframework.aop.framework.ReflectiveMethodInvocation.proceed(ReflectiveMethodInvocation.java:179)
	at org.springframework.aop.framework.JdkDynamicAopProxy.invoke(JdkDynamicAopProxy.java:213)
	at com.sun.proxy.$Proxy30.add_product(Unknown Source)
	at com.niit.shopping.Test.ProductTest.add_product(ProductTest.java:46)
	at sun.reflect.NativeMethodAccessorImpl.invoke0(Native Method)
	at sun.reflect.NativeMethodAccessorImpl.invoke(NativeMethodAccessorImpl.java:62)
	at sun.reflect.DelegatingMethodAccessorImpl.invoke(DelegatingMethodAccessorImpl.java:43)
	at java.lang.reflect.Method.invoke(Method.java:498)
	at org.junit.runners.model.FrameworkMethod$1.runReflectiveCall(FrameworkMethod.java:50)
	at org.junit.internal.runners.model.ReflectiveCallable.run(ReflectiveCallable.java:12)
	at org.junit.runners.model.FrameworkMethod.invokeExplosively(FrameworkMethod.java:47)
	at org.junit.internal.runners.statements.InvokeMethod.evaluate(InvokeMethod.java:17)
	at org.junit.runners.ParentRunner.runLeaf(ParentRunner.java:325)
	at org.junit.runners.BlockJUnit4ClassRunner.runChild(BlockJUnit4ClassRunner.java:78)
	at org.junit.runners.BlockJUnit4ClassRunner.runChild(BlockJUnit4ClassRunner.java:57)
	at org.junit.runners.ParentRunner$3.run(ParentRunner.java:290)
	at org.junit.runners.ParentRunner$1.schedule(ParentRunner.java:71)
	at org.junit.runners.ParentRunner.runChildren(ParentRunner.java:288)
	at org.junit.runners.ParentRunner.access$000(ParentRunner.java:58)
	at org.junit.runners.ParentRunner$2.evaluate(ParentRunner.java:268)
	at org.junit.internal.runners.statements.RunBefores.evaluate(RunBefores.java:26)
	at org.junit.runners.ParentRunner.run(ParentRunner.java:363)
	at org.apache.maven.surefire.junit4.JUnit4Provider.execute(JUnit4Provider.java:252)
	at org.apache.maven.surefire.junit4.JUnit4Provider.executeTestSet(JUnit4Provider.java:141)
	at org.apache.maven.surefire.junit4.JUnit4Provider.invoke(JUnit4Provider.java:112)
	at sun.reflect.NativeMethodAccessorImpl.invoke0(Native Method)
	at sun.reflect.NativeMethodAccessorImpl.invoke(NativeMethodAccessorImpl.java:62)
	at sun.reflect.DelegatingMethodAccessorImpl.invoke(DelegatingMethodAccessorImpl.java:43)
	at java.lang.reflect.Method.invoke(Method.java:498)
	at org.apache.maven.surefire.util.ReflectionUtils.invokeMethodWithArray(ReflectionUtils.java:189)
	at org.apache.maven.surefire.booter.ProviderFactory$ProviderProxy.invoke(ProviderFactory.java:165)
	at org.apache.maven.surefire.booter.ProviderFactory.invokeProvider(ProviderFactory.java:85)
	at org.apache.maven.surefire.booter.ForkedBooter.runSuitesInProcess(ForkedBooter.java:115)
	at org.apache.maven.surefire.booter.ForkedBooter.main(ForkedBooter.java:75)
Caused by: org.h2.jdbc.JdbcSQLException: Referential integrity constraint violation: &quot;FK_1RJP4U8BCEOILFG0LUIQUB3J6: PUBLIC.PRODUCT FOREIGN KEY(PRODID) REFERENCES PUBLIC.CATEGORY(CATID) (104)&quot;; SQL statement:
insert into Product (prodId, prodCategory, prodDescp, prodName, prodPrice) values (null, ?, ?, ?, ?) [23506-196]
	at org.h2.message.DbException.getJdbcSQLException(DbException.java:345)
	at org.h2.message.DbException.get(DbException.java:179)
	at org.h2.message.DbException.get(DbException.java:155)
	at org.h2.constraint.ConstraintReferential.checkRowOwnTable(ConstraintReferential.java:371)
	at org.h2.constraint.ConstraintReferential.checkRow(ConstraintReferential.java:313)
	at org.h2.table.Table.fireConstraints(Table.java:980)
	at org.h2.table.Table.fireAfterRow(Table.java:998)
	at org.h2.command.dml.Insert.insertRows(Insert.java:161)
	at org.h2.command.dml.Insert.update(Insert.java:114)
	at org.h2.command.CommandContainer.update(CommandContainer.java:101)
	at org.h2.command.Command.executeUpdate(Command.java:260)
	at org.h2.server.TcpServerThread.process(TcpServerThread.java:354)
	at org.h2.server.TcpServerThread.run(TcpServerThread.java:158)
	at java.lang.Thread.run(Thread.java:745)

	at org.h2.engine.SessionRemote.done(SessionRemote.java:629)
	at org.h2.command.CommandRemote.executeUpdate(CommandRemote.java:209)
	at org.h2.jdbc.JdbcPreparedStatement.executeUpdateInternal(JdbcPreparedStatement.java:164)
	at org.h2.jdbc.JdbcPreparedStatement.executeUpdate(JdbcPreparedStatement.java:150)
	at org.hibernate.engine.jdbc.internal.ResultSetReturnImpl.executeUpdate(ResultSetReturnImpl.java:187)
	... 66 more
</system-err>
  </testcase>
</testsuite>